0 info it worked if it ends with ok
1 verbose cli [ 'C:\\Program Files\\nodejs\\\\node.exe',
1 verbose cli   'C:\\Program Files\\nodejs\\node_modules\\npm\\bin\\npm-cli.js',
1 verbose cli   'install',
1 verbose cli   'git+https://github.com/tojocky/node-printer.git' ]
2 info using npm@2.11.3
3 info using node@v0.12.7
4 verbose install initial load of C:\Users\kcenturion\Documents\dev\printMonitor\package.json
5 verbose installManyTop reading scoped package data from C:\Users\kcenturion\Documents\dev\printMonitor\node_modules\async\package.json
6 verbose installManyTop reading scoped package data from C:\Users\kcenturion\Documents\dev\printMonitor\node_modules\chokidar\package.json
7 verbose installManyTop reading scoped package data from C:\Users\kcenturion\Documents\dev\printMonitor\node_modules\winston\package.json
8 info package.json async@1.4.2 No README data
9 verbose readDependencies loading dependencies from C:\Users\kcenturion\Documents\dev\printMonitor\package.json
10 silly cache add args [ 'git+https://github.com/tojocky/node-printer.git', null ]
11 verbose cache add spec git+https://github.com/tojocky/node-printer.git
12 silly cache add parsed spec { raw: 'git+https://github.com/tojocky/node-printer.git',
12 silly cache add   scope: null,
12 silly cache add   name: null,
12 silly cache add   rawSpec: 'git+https://github.com/tojocky/node-printer.git',
12 silly cache add   spec: 'git+https://github.com/tojocky/node-printer.git',
12 silly cache add   type: 'hosted',
12 silly cache add   hosted:
12 silly cache add    { type: 'github',
12 silly cache add      ssh: 'git@github.com:tojocky/node-printer.git',
12 silly cache add      sshUrl: 'git+ssh://git@github.com/tojocky/node-printer.git',
12 silly cache add      httpsUrl: 'git+https://github.com/tojocky/node-printer.git',
12 silly cache add      gitUrl: 'git://github.com/tojocky/node-printer.git',
12 silly cache add      shortcut: 'github:tojocky/node-printer',
12 silly cache add      directUrl: 'https://raw.githubusercontent.com/tojocky/node-printer/master/package.json' } }
13 verbose addRemoteGit caching git+https://github.com/tojocky/node-printer.git
14 verbose addRemoteGit git+https://github.com/tojocky/node-printer.git is a repository hosted by github
15 silly tryClone cloning git+https://github.com/tojocky/node-printer.git via git+https://github.com/tojocky/node-printer.git
16 verbose tryClone https-github-com-tojocky-node-printer-git-5bf36c98 not in flight; caching
17 error git clone --template=C:\Users\kcenturion\AppData\Roaming\npm-cache\_git-remotes\_templates --mirror https://github.com/tojocky/node-printer.git C:\Users\kcenturion\AppData\Roaming\npm-cache\_git-remotes\https-github-com-tojocky-node-printer-git-5bf36c98: undefined
17 error git clone --template=C:\Users\kcenturion\AppData\Roaming\npm-cache\_git-remotes\_templates --mirror https://github.com/tojocky/node-printer.git C:\Users\kcenturion\AppData\Roaming\npm-cache\_git-remotes\https-github-com-tojocky-node-printer-git-5bf36c98: undefined
18 verbose stack Error: not found: git
18 verbose stack     at F (C:\Program Files\nodejs\node_modules\npm\node_modules\which\which.js:72:28)
18 verbose stack     at E (C:\Program Files\nodejs\node_modules\npm\node_modules\which\which.js:75:29)
18 verbose stack     at C:\Program Files\nodejs\node_modules\npm\node_modules\which\which.js:83:16
18 verbose stack     at FSReqWrap.oncomplete (fs.js:95:15)
19 verbose cwd C:\Users\kcenturion\Documents\dev\printMonitor
20 error Windows_NT 6.1.7601
21 error argv "C:\\Program Files\\nodejs\\\\node.exe" "C:\\Program Files\\nodejs\\node_modules\\npm\\bin\\npm-cli.js" "install" "git+https://github.com/tojocky/node-printer.git"
22 error node v0.12.7
23 error npm  v2.11.3
24 error code ENOGIT
25 error not found: git
26 error Failed using git.
26 error This is most likely not a problem with npm itself.
26 error Please check if you have git installed and in your PATH.
27 verbose exit [ 1, true ]
