2015-12-11T21:32:57.965Z - info: Now watching:C:miracaPrintpdfs for new files.
2015-12-11T21:34:09.450Z - info: Now watching:C:\miracaPrint\pdfs for new files.
2015-12-11T21:34:17.452Z - info: File C:\miracaPrint\pdfs\test - Copy - Copy.pdf has been added.
2015-12-11T21:34:17.452Z - info: Attempting to execute command:gsprint.exe -dBATCH -printer 'Dell C1760nw Color Printer' -ghostscript C:\miracaPrint\pdfs\test - Copy - Copy.pdf
2015-12-11T21:34:17.515Z - error: Error executing command gsprint.exe -dBATCH -printer 'Dell C1760nw Color Printer' -ghostscript C:\miracaPrint\pdfs\test - Copy - Copy.pdf with stderr:Couldn't open Windows GDI printer driver
Requested printer: "'Dell"
Available printers:
  "Fax"
  "Dell C1760nw Color Printer"
  "Adobe PDF"

2015-12-11T21:34:17.515Z - error: C:\miracaPrint\pdfs\test - Copy - Copy.pdf did not print.
2015-12-11T21:34:17.515Z - error: Error executing command gsprint.exe -dBATCH -printer 'Dell C1760nw Color Printer' -ghostscript C:\miracaPrint\pdfs\test - Copy - Copy.pdf with error:Error: Command failed: C:\Windows\system32\cmd.exe /s /c "gsprint.exe -dBATCH -printer 'Dell C1760nw Color Printer' -ghostscript C:\miracaPrint\pdfs\test - Copy - Copy.pdf"
Couldn't open Windows GDI printer driver
Requested printer: "'Dell"
Available printers:
  "Fax"
  "Dell C1760nw Color Printer"
  "Adobe PDF"

2015-12-11T21:34:17.515Z - error: C:\miracaPrint\pdfs\test - Copy - Copy.pdf did not print.
2015-12-11T21:34:17.515Z - info: gsprint.exe -dBATCH -printer 'Dell C1760nw Color Printer' -ghostscript C:\miracaPrint\pdfs\test - Copy - Copy.pdf successfully executed with no errors.
2015-12-11T21:34:17.515Z - info: C:\miracaPrint\pdfs\test - Copy - Copy.pdf printed successfully.
2015-12-11T21:34:17.515Z - info: Successfully deleted file:C:\miracaPrint\pdfs\test - Copy - Copy.pdf
2015-12-11T21:35:07.316Z - info: File C:\miracaPrint\pdfs\test - Copy.pdf has been added.
2015-12-11T21:35:07.316Z - info: Attempting to execute command:gsprint.exe -dBATCH -printer 'Dell C1760nw Color Printer' -ghostscript C:\miracaPrint\pdfs\test - Copy.pdf
2015-12-11T21:35:07.363Z - error: Error executing command gsprint.exe -dBATCH -printer 'Dell C1760nw Color Printer' -ghostscript C:\miracaPrint\pdfs\test - Copy.pdf with stderr:Couldn't open Windows GDI printer driver
Requested printer: "'Dell"
Available printers:
  "Fax"
  "Dell C1760nw Color Printer"
  "Adobe PDF"

2015-12-11T21:35:07.363Z - error: C:\miracaPrint\pdfs\test - Copy.pdf did not print.
2015-12-11T21:35:07.378Z - error: Error executing command gsprint.exe -dBATCH -printer 'Dell C1760nw Color Printer' -ghostscript C:\miracaPrint\pdfs\test - Copy.pdf with error:Error: Command failed: C:\Windows\system32\cmd.exe /s /c "gsprint.exe -dBATCH -printer 'Dell C1760nw Color Printer' -ghostscript C:\miracaPrint\pdfs\test - Copy.pdf"
Couldn't open Windows GDI printer driver
Requested printer: "'Dell"
Available printers:
  "Fax"
  "Dell C1760nw Color Printer"
  "Adobe PDF"

2015-12-11T21:35:07.378Z - error: C:\miracaPrint\pdfs\test - Copy.pdf did not print.
2015-12-11T21:35:07.378Z - info: gsprint.exe -dBATCH -printer 'Dell C1760nw Color Printer' -ghostscript C:\miracaPrint\pdfs\test - Copy.pdf successfully executed with no errors.
2015-12-11T21:35:07.378Z - info: C:\miracaPrint\pdfs\test - Copy.pdf printed successfully.
2015-12-11T21:35:07.378Z - info: Successfully deleted file:C:\miracaPrint\pdfs\test - Copy.pdf
2015-12-11T21:40:46.468Z - info: Now watching:C:\miracaPrint\pdfs for new files.
2015-12-11T21:40:57.841Z - info: File C:\miracaPrint\pdfs\test - Copy.pdf has been added.
2015-12-11T21:40:57.841Z - info: Attempting to execute command:print C:\miracaPrint\pdfs\test - Copy.pdf
2015-12-11T21:40:57.903Z - info: print C:\miracaPrint\pdfs\test - Copy.pdf successfully executed with no errors.
2015-12-11T21:40:57.903Z - info: C:\miracaPrint\pdfs\test - Copy.pdf printed successfully.
2015-12-11T21:40:57.903Z - info: Successfully deleted file:C:\miracaPrint\pdfs\test - Copy.pdf
